0 info it worked if it ends with ok
1 verbose cli [ '/home/xiebixia/.nvm/versions/node/v5.0.0/bin/node',
1 verbose cli   '/home/xiebixia/.nvm/versions/node/v5.0.0/bin/npm',
1 verbose cli   'test' ]
2 info using npm@3.3.6
3 info using node@v5.0.0
4 verbose stack Error: ENOENT: no such file or directory, open '/home/xiebixia/repo01/pos/pos_v1/package.json'
4 verbose stack     at Error (native)
5 verbose cwd /home/xiebixia/repo01/pos/pos_v1
6 error Linux 3.16.0-38-generic
7 error argv "/home/xiebixia/.nvm/versions/node/v5.0.0/bin/node" "/home/xiebixia/.nvm/versions/node/v5.0.0/bin/npm" "test"
8 error node v5.0.0
9 error npm  v3.3.6
10 error path /home/xiebixia/repo01/pos/pos_v1/package.json
11 error code ENOENT
12 error errno -2
13 error syscall open
14 error enoent ENOENT: no such file or directory, open '/home/xiebixia/repo01/pos/pos_v1/package.json'
14 error enoent This is most likely not a problem with npm itself
14 error enoent and is related to npm not being able to find a file.
15 verbose exit [ -2, true ]
